<?xml version="1.0" encoding="UTF-8"?>
<robot generator="Robot 7.3.2 (Python 3.13.5 on darwin)" generated="2025-07-29T20:04:40.343822" rpa="false" schemaversion="5">
<suite id="s1" name="Open Browser" source="/Users/reromerot/Documents/Robot/pruebaRobotOpen/open_browser.robot">
<test id="s1-t1" name="Open Browser" line="6">
<kw name="Log" owner="BuiltIn">
<msg time="2025-07-29T20:04:40.390793" level="INFO">¡Hola Robot Framewor!</msg>
<arg>¡Hola Robot Framewor!</arg>
<doc>Logs the given message with the given level.</doc>
<status status="PASS" start="2025-07-29T20:04:40.390534" elapsed="0.000356"/>
</kw>
<status status="PASS" start="2025-07-29T20:04:40.389659" elapsed="0.001642"/>
</test>
<status status="PASS" start="2025-07-29T20:04:40.347318" elapsed="0.044531"/>
</suite>
<statistics>
<total>
<stat pass="1" fail="0" skip="0">All Tests</stat>
</total>
<tag>
</tag>
<suite>
<stat name="Open Browser" id="s1" pass="1" fail="0" skip="0">Open Browser</stat>
</suite>
</statistics>
<errors>
</errors>
</robot>
