<?xml version="1.0" encoding="UTF-8"?>
<robot generator="Robot 7.3.2 (Python 3.13.5 on darwin)" generated="2025-07-30T21:18:17.261818" rpa="false" schemaversion="5">
<suite id="s1" name="Suma Test" source="/Users/reromerot/Documents/RobotFramework/tests/suma_test.robot">
<test id="s1-t1" name="Validar suma de dos numeros" line="7">
<kw name="Suma Dos Numeros" owner="common_keywords">
<kw name="Evaluate" owner="BuiltIn">
<msg time="2025-07-30T21:18:17.317827" level="INFO">${suma} = 10</msg>
<var>${suma}</var>
<arg>${num1} + ${num2}</arg>
<doc>Evaluates the given expression in Python and returns the result.</doc>
<status status="PASS" start="2025-07-30T21:18:17.317282" elapsed="0.000619"/>
</kw>
<return>
<value>${suma}</value>
<status status="PASS" start="2025-07-30T21:18:17.318057" elapsed="0.000086"/>
</return>
<msg time="2025-07-30T21:18:17.318404" level="INFO">${resultado} = 10</msg>
<var>${resultado}</var>
<arg>7</arg>
<arg>3</arg>
<status status="PASS" start="2025-07-30T21:18:17.316313" elapsed="0.002144"/>
</kw>
<kw name="Should Be Equal As Numbers" owner="BuiltIn">
<arg>${resultado}</arg>
<arg>${EXPECTED_SUM}</arg>
<doc>Fails if objects are unequal after converting them to real numbers.</doc>
<status status="PASS" start="2025-07-30T21:18:17.318726" elapsed="0.000399"/>
</kw>
<kw name="Log" owner="BuiltIn">
<msg time="2025-07-30T21:18:17.319621" level="INFO">Resultado de la suma: 10</msg>
<arg>Resultado de la suma: ${resultado}</arg>
<doc>Logs the given message with the given level.</doc>
<status status="PASS" start="2025-07-30T21:18:17.319377" elapsed="0.000333"/>
</kw>
<status status="PASS" start="2025-07-30T21:18:17.315112" elapsed="0.004838"/>
</test>
<status status="PASS" start="2025-07-30T21:18:17.263980" elapsed="0.056621"/>
</suite>
<statistics>
<total>
<stat pass="1" fail="0" skip="0">All Tests</stat>
</total>
<tag>
</tag>
<suite>
<stat name="Suma Test" id="s1" pass="1" fail="0" skip="0">Suma Test</stat>
</suite>
</statistics>
<errors>
</errors>
</robot>
